2025-12-16 21:18:19,302 | INFO | __main__ | Connecting to database...
2025-12-16 21:18:21,185 | ERROR | __main__ | Error occurred while creating database table
Traceback (most recent call last):
  File "/home/kojo/Projects/Data-Engineering-Projects/crypto-etl/setup_db.py", line 20, in <module>
    cur.execute(sql)
psycopg2.errors.SyntaxError: syntax error at or near "("
LINE 6:     market_cap NUMERIC(20, 2) PRIMARY KEY (coin_id, date)
                                                  ^

2025-12-16 21:19:00,088 | INFO | __main__ | Connecting to database...
2025-12-16 21:19:03,169 | INFO | __main__ | Database table created successfully!
2025-12-16 21:20:20,827 | INFO | __main__ | Connecting to database...
2025-12-16 21:20:22,864 | INFO | __main__ | Database table created successfully!
2025-12-16 21:40:24,205 | INFO | __main__ | Starting crypto data ingestion
2025-12-16 21:40:43,111 | INFO | __main__ | Starting crypto data ingestion
2025-12-16 21:42:53,133 | INFO | __main__ | Starting crypto data ingestion
2025-12-16 21:43:30,011 | INFO | __main__ | Starting crypto data ingestion
2025-12-16 21:45:42,094 | INFO | __main__ | Starting crypto data ingestion
2025-12-16 21:46:34,283 | INFO | __main__ | Starting crypto data ingestion
2025-12-16 21:48:09,920 | INFO | __main__ | Starting crypto data ingestion
2025-12-16 21:49:17,565 | INFO | __main__ | Starting crypto data ingestion
2025-12-16 22:34:47,089 | INFO | __main__ | Starting crypto data ingestion
2025-12-16 22:34:49,216 | INFO | __main__ | Fetching data from API...
2025-12-16 22:34:49,216 | INFO | __main__ | Fetching crypto data for: https://api.coingecko.com/api/v3/simple/price?ids=bitcoin,ethereum&vs_currencies=usd&include_market_cap=true
2025-12-16 22:34:50,045 | INFO | __main__ | Successfully fetched crypto data
2025-12-16 22:34:50,046 | INFO | __main__ | Retrieved 12 records. Transforming data...
2025-12-16 22:37:42,021 | INFO | __main__ | Starting crypto data ingestion
2025-12-16 22:37:43,386 | INFO | __main__ | Fetching data from API...
2025-12-16 22:37:43,387 | INFO | __main__ | Fetching crypto data for: https://api.coingecko.com/api/v3/simple/price?ids=bitcoin,ethereum&vs_currencies=usd&include_market_cap=true
2025-12-16 22:37:44,065 | INFO | __main__ | Successfully fetched crypto data
2025-12-16 22:37:44,065 | INFO | __main__ | Retrieved 12 records. Transforming data...
2025-12-16 22:38:01,618 | INFO | __main__ | Starting crypto data ingestion
2025-12-16 22:38:03,643 | INFO | __main__ | Fetching data from API...
2025-12-16 22:38:03,644 | INFO | __main__ | Fetching crypto data for: https://api.coingecko.com/api/v3/simple/price?ids=bitcoin,ethereum&vs_currencies=usd&include_market_cap=true
2025-12-16 22:38:04,035 | INFO | __main__ | Successfully fetched crypto data
2025-12-16 22:38:04,035 | INFO | __main__ | Retrieved 12 records. Transforming data...
2025-12-16 22:39:12,489 | INFO | __main__ | Starting crypto data ingestion
2025-12-16 22:39:13,883 | INFO | __main__ | Fetching data from API...
2025-12-16 22:39:13,884 | INFO | __main__ | Fetching crypto data for: https://api.coingecko.com/api/v3/simple/price?ids=bitcoin,ethereum&vs_currencies=usd&include_market_cap=true
2025-12-16 22:39:14,426 | INFO | __main__ | Successfully fetched crypto data
2025-12-16 22:39:14,427 | INFO | __main__ | Retrieved 12 records. Transforming data...
2025-12-16 22:39:14,428 | INFO | __main__ | Connecting to Neon database...
2025-12-16 22:39:15,943 | INFO | __main__ | Inserting data...
2025-12-16 22:39:29,317 | INFO | __main__ | Starting crypto data ingestion
2025-12-16 22:39:31,596 | INFO | __main__ | Fetching data from API...
2025-12-16 22:39:31,596 | INFO | __main__ | Fetching crypto data for: https://api.coingecko.com/api/v3/simple/price?ids=bitcoin,ethereum&vs_currencies=usd&include_market_cap=true
2025-12-16 22:39:32,426 | INFO | __main__ | Successfully fetched crypto data
2025-12-16 22:39:32,427 | INFO | __main__ | Retrieved 12 records. Transforming data...
2025-12-16 22:39:32,427 | INFO | __main__ | Connecting to Neon database...
2025-12-16 22:39:33,783 | INFO | __main__ | Inserting data...
2025-12-16 22:39:48,401 | INFO | __main__ | Starting crypto data ingestion
2025-12-16 22:39:49,853 | INFO | __main__ | Fetching data from API...
2025-12-16 22:39:49,853 | INFO | __main__ | Fetching crypto data for: https://api.coingecko.com/api/v3/simple/price?ids=bitcoin,ethereum&vs_currencies=usd&include_market_cap=true
2025-12-16 22:39:50,354 | INFO | __main__ | Successfully fetched crypto data
2025-12-16 22:39:50,355 | INFO | __main__ | Retrieved 12 records. Transforming data...
2025-12-16 22:39:50,355 | INFO | __main__ | Connecting to Neon database...
2025-12-16 22:39:51,972 | INFO | __main__ | Inserting data...
2025-12-16 22:39:52,702 | INFO | __main__ | ETL Complete! Data inserted into crypto table
2025-12-16 22:45:54,259 | INFO | __main__ | Connecting to database...
2025-12-16 22:45:56,109 | ERROR | __main__ | Error occurred while creating database table
Traceback (most recent call last):
  File "/home/kojo/Projects/Data-Engineering-Projects/crypto-etl/setup_db.py", line 20, in <module>
    cur.execute(sql)
psycopg2.errors.SyntaxError: syntax error at or near "date"
LINE 7:     PRIMARY KEY (coin date)
                              ^

2025-12-16 22:46:21,149 | INFO | __main__ | Connecting to database...
2025-12-16 22:46:23,303 | INFO | __main__ | Database table created successfully!
2025-12-16 22:47:04,995 | INFO | src.etl.ingest_crypto | Starting crypto data ingestion
2025-12-16 22:47:22,323 | INFO | __main__ | Starting crypto data ingestion
2025-12-16 22:47:30,171 | INFO | __main__ | Starting crypto data ingestion
2025-12-16 22:47:42,013 | INFO | __main__ | Starting crypto data ingestion
2025-12-16 22:47:59,203 | INFO | __main__ | Starting crypto data ingestion
2025-12-16 22:48:20,486 | INFO | __main__ | Starting crypto data ingestion
2025-12-16 22:48:22,250 | INFO | __main__ | Fetching data from API...
2025-12-16 22:48:22,250 | INFO | __main__ | Fetching crypto data for: https://api.coingecko.com/api/v3/simple/price?ids=bitcoin,ethereum&vs_currencies=usd&include_market_cap=true
2025-12-16 22:48:22,920 | INFO | __main__ | Successfully fetched crypto data
2025-12-16 22:48:22,921 | INFO | __main__ | Retrieved 12 records. Transforming data...
2025-12-16 22:48:22,921 | INFO | __main__ | Connecting to Neon database...
2025-12-16 22:48:24,579 | INFO | __main__ | Inserting data...
2025-12-16 22:48:25,308 | INFO | __main__ | ETL Complete! Data inserted into crypto table
2025-12-16 22:50:28,042 | INFO | __main__ | Connecting to database...
2025-12-16 22:50:30,327 | INFO | __main__ | Database table created successfully!
2025-12-16 22:50:39,389 | INFO | __main__ | Starting crypto data ingestion
2025-12-16 22:50:40,738 | INFO | __main__ | Fetching data from API...
2025-12-16 22:50:40,738 | INFO | __main__ | Fetching crypto data for: https://api.coingecko.com/api/v3/simple/price?ids=bitcoin,ethereum&vs_currencies=usd&include_market_cap=true
2025-12-16 22:50:41,378 | INFO | __main__ | Successfully fetched crypto data
2025-12-16 22:50:41,379 | INFO | __main__ | Retrieved 12 records. Transforming data...
2025-12-16 22:50:41,379 | INFO | __main__ | Connecting to Neon database...
2025-12-16 22:50:42,818 | INFO | __main__ | Inserting data...
2025-12-16 22:50:43,507 | INFO | __main__ | ETL Complete! Data inserted into crypto table
2025-12-17 09:40:57,468 | INFO | __main__ | Starting crypto data ingestion
2025-12-17 09:40:59,533 | INFO | __main__ | Fetching data from API...
2025-12-17 09:40:59,533 | INFO | __main__ | Fetching crypto data for: https://api.coingecko.com/api/v3/simple/price?ids=bitcoin,ethereum&vs_currencies=usd&include_market_cap=true
2025-12-17 09:41:00,186 | INFO | __main__ | Successfully fetched crypto data
2025-12-17 09:41:00,187 | INFO | __main__ | Retrieved 12 records. Transforming data...
2025-12-17 09:41:00,188 | INFO | __main__ | Connecting to Neon database...
2025-12-17 09:41:01,581 | INFO | __main__ | Inserting data...
2025-12-17 09:41:02,281 | INFO | __main__ | ETL Complete! Data inserted into crypto table
2026-01-01 02:23:49,002 | INFO | __main__ | Connecting to database...
2026-01-01 02:23:51,197 | ERROR | __main__ | Error occurred while creating database table
Traceback (most recent call last):
  File "/home/kojo/Projects/Data-Engineering-Projects/crypto-etl/setup_db.py", line 20, in <module>
    cur.execute(sql)
psycopg2.errors.SyntaxError: syntax error at or near "("
LINE 6:     timestamp TEXT PRIMARY KEY (coin_id, timestamp)
                                       ^

2026-01-01 02:24:26,699 | INFO | __main__ | Connecting to database...
2026-01-01 02:24:28,751 | INFO | __main__ | Database table created successfully!
2026-01-01 02:25:49,004 | INFO | src.etl.ingest_crypto | Starting crypto data ingestion
2026-01-01 02:26:09,300 | INFO | __main__ | Starting crypto data ingestion
2026-01-01 02:26:12,316 | INFO | __main__ | Fetching data from API...
2026-01-01 02:26:12,316 | INFO | __main__ | Fetching crypto data for: https://api.coingecko.com/api/v3/simple/price?ids=bitcoin,ethereum&vs_currencies=usd&include_market_cap=true
2026-01-01 02:26:13,066 | INFO | __main__ | Successfully fetched crypto data
2026-01-01 02:26:13,067 | INFO | __main__ | Retrieved 13 records. Transforming data...
2026-01-01 02:26:13,068 | INFO | __main__ | Connecting to Neon database...
2026-01-01 02:26:14,604 | INFO | __main__ | Inserting data...
2026-01-01 02:26:15,383 | INFO | __main__ | ETL Complete! Data inserted into crypto table
2026-01-01 19:07:15,851 | INFO | __main__ | Starting crypto data ingestion
2026-01-01 19:07:17,654 | INFO | __main__ | Fetching data from API...
2026-01-01 19:07:17,654 | INFO | __main__ | Fetching crypto data for: ['bitcoin', 'ethereum']
2026-01-01 19:07:18,766 | INFO | __main__ | Successfully fetched crypto data
2026-01-01 19:07:18,767 | INFO | __main__ | Retrieved 2 records. Transforming data...
2026-01-01 19:07:18,767 | INFO | __main__ | Connecting to Neon database...
2026-01-01 19:07:20,122 | INFO | __main__ | Inserting data...
2026-01-01 19:07:20,802 | INFO | __main__ | ETL Complete! Data inserted into crypto table
2026-01-01 19:27:07,132 | INFO | __main__ | Starting crypto data ingestion
2026-01-01 19:27:09,016 | INFO | __main__ | Fetching data from API...
2026-01-01 19:27:09,016 | INFO | __main__ | Fetching crypto data for: ['bitcoin', 'ethereum']
2026-01-01 19:27:09,688 | INFO | __main__ | Successfully fetched crypto data
2026-01-01 19:27:09,689 | INFO | __main__ | Retrieved 2 records. Transforming data...
2026-01-01 19:27:09,689 | INFO | __main__ | Connecting to Neon database...
2026-01-01 19:27:11,025 | INFO | __main__ | Inserting data...
2026-01-01 19:29:00,303 | INFO | __main__ | Connecting to database...
2026-01-01 19:29:02,771 | INFO | __main__ | Database table created successfully!
2026-01-01 19:29:13,904 | INFO | __main__ | Starting crypto data ingestion
2026-01-01 19:29:17,030 | INFO | __main__ | Fetching data from API...
2026-01-01 19:29:17,030 | INFO | __main__ | Fetching crypto data for: ['bitcoin', 'ethereum']
2026-01-01 19:29:17,647 | INFO | __main__ | Successfully fetched crypto data
2026-01-01 19:29:17,649 | INFO | __main__ | Retrieved 2 records. Transforming data...
2026-01-01 19:29:17,649 | INFO | __main__ | Connecting to Neon database...
2026-01-01 19:29:19,140 | INFO | __main__ | Inserting data...
2026-01-01 19:29:19,828 | INFO | __main__ | ETL Complete! Data inserted into crypto table
2026-01-01 19:39:44,816 | INFO | __main__ | Starting crypto data ingestion
2026-01-01 19:39:46,433 | INFO | __main__ | Fetching data from API...
2026-01-01 19:39:46,433 | INFO | __main__ | Fetching crypto data for: ['bitcoin', 'ethereum']
2026-01-01 19:39:47,164 | INFO | __main__ | Successfully fetched crypto data
2026-01-01 19:39:47,165 | INFO | __main__ | Retrieved 2 records. Transforming data...
2026-01-01 19:39:47,165 | INFO | __main__ | Connecting to Neon database...
2026-01-01 19:39:48,531 | INFO | __main__ | Inserting data...
2026-01-01 19:39:49,350 | INFO | __main__ | ETL Complete! Data inserted into crypto table
2026-01-01 19:46:47,088 | INFO | __main__ | Starting crypto data ingestion
2026-01-01 19:46:49,971 | INFO | __main__ | Fetching data from API...
2026-01-01 19:46:49,972 | INFO | __main__ | Fetching crypto data for: ['bitcoin', 'ethereum']
2026-01-01 19:46:50,640 | INFO | __main__ | Successfully fetched crypto data
2026-01-01 19:46:50,641 | INFO | __main__ | Retrieved 2 records. Transforming data...
2026-01-01 19:46:50,641 | INFO | __main__ | Connecting to Neon database...
2026-01-01 19:46:52,008 | INFO | __main__ | Inserting data...
2026-01-01 19:46:52,737 | INFO | __main__ | ETL Complete! Data inserted into crypto table
